[1A[1B[0G[?25l
[?25h[1A[0G[?25l
[?25h[1A[0G[?25l
[?25h[1A[0G[?25l
[?25h[1A[0G[?25l
[?25h[1A[0G[?25l[+] Building 0.0s (0/1)                                    docker:desktop-linux
[?25h[1A[0G[?25l[+] Building 0.1s (1/1)                                    docker:desktop-linux
[36m => [internal] load build definition from lab-docker-Dockerfile-alumno14   0.1s
[0m[36m => => transferring dockerfile: 320B                                       0.1s
[0m[?25h[1A[1A[1A[0G[?25l[+] Building 0.3s (1/2)                                    docker:desktop-linux
[36m => [internal] load build definition from lab-docker-Dockerfile-alumno14   0.1s
[0m[36m => => transferring dockerfile: 320B                                       0.1s
[0m => [internal] load metadata for docker.io/library/python:3.11-slim        0.1s
[?25h[1A[1A[1A[1A[0G[?25l[+] Building 0.3s (2/2)                                    docker:desktop-linux
[36m => [internal] load build definition from lab-docker-Dockerfile-alumno14   0.1s
[0m[36m => => transferring dockerfile: 320B                                       0.1s
[0m[36m => [internal] load metadata for docker.io/library/python:3.11-slim        0.2s
[0m[?25h[1A[1A[1A[1A[0G[?25l[+] Building 0.5s (3/8)                                    docker:desktop-linux
[36m => [internal] load build definition from lab-docker-Dockerfile-alumno14   0.1s
[0m[36m => => transferring dockerfile: 320B                                       0.1s
[0m[36m => [internal] load metadata for docker.io/library/python:3.11-slim        0.2s
[0m[36m => [internal] load .dockerignore                                          0.1s
[0m[36m => => transferring context: 2B                                            0.0s
[0m[?25h[1A[1A[1A[1A[1A[1A[0G[?25l[+] Building 0.6s (4/8)                                    docker:desktop-linux
[36m => => transferring dockerfile: 320B                                       0.1s
[0m[36m => [internal] load metadata for docker.io/library/python:3.11-slim        0.2s
[0m[36m => [internal] load .dockerignore                                          0.1s
[0m[36m => => transferring context: 2B                                            0.0s
[0m => [1/4] FROM docker.io/library/python:3.11-slim@sha256:7cd0079a9bd8800c  0.1s
[36m => => resolve docker.io/library/python:3.11-slim@sha256:7cd0079a9bd8800c  0.1s
[0m[36m => [internal] load build context                                          0.1s
[0m[36m => => transferring context: 63B                                           0.0s
[0m[?25h[1A[1A[1A[1A[1A[1A[1A[1A[1A[0G[?25l[+] Building 0.7s (8/9)                                    docker:desktop-linux
[36m => => resolve docker.io/library/python:3.11-slim@sha256:7cd0079a9bd8800c  0.1s
[0m[36m => [internal] load build context                                          0.1s
[0m[36m => => transferring context: 63B                                           0.0s
[0m[36m => CACHED [2/4] WORKDIR /app                                              0.0s
[0m[36m => CACHED [3/4] RUN pip install --no-cache-dir jupyter numpy numba        0.0s
[0m[36m => CACHED [4/4] COPY reduc-operation-array-par-alumno14.ipynb /app/reduc  0.0s
[0m => exporting to image                                                     0.0s
 => => exporting layers                                                    0.0s
[?25h[1A[1A[1A[1A[1A[1A[1A[1A[1A[0G[?25l[+] Building 0.8s (8/9)                                    docker:desktop-linux
[36m => => transferring context: 63B                                           0.0s
[0m[36m => CACHED [2/4] WORKDIR /app                                              0.0s
[0m[36m => CACHED [3/4] RUN pip install --no-cache-dir jupyter numpy numba        0.0s
[0m[36m => CACHED [4/4] COPY reduc-operation-array-par-alumno14.ipynb /app/reduc  0.0s
[0m => exporting to image                                                     0.1s
[36m => => exporting layers                                                    0.1s
[0m[36m => => exporting manifest sha256:5f28e172191dc65b9250b43e844d3a70e5120c82  0.0s
[0m[36m => => exporting config sha256:6b43ef83124ca9320950dc4619585561532f353ee8  0.0s
[0m[?25h[1A[1A[1A[1A[1A[1A[1A[1A[1A[0G[?25l[+] Building 1.0s (8/9)                                    docker:desktop-linux
[36m => CACHED [2/4] WORKDIR /app                                              0.0s
[0m[36m => CACHED [3/4] RUN pip install --no-cache-dir jupyter numpy numba        0.0s
[0m[36m => CACHED [4/4] COPY reduc-operation-array-par-alumno14.ipynb /app/reduc  0.0s
[0m => exporting to image                                                     0.2s
[36m => => exporting layers                                                    0.1s
[0m[36m => => exporting manifest sha256:5f28e172191dc65b9250b43e844d3a70e5120c82  0.0s
[0m[36m => => exporting config sha256:6b43ef83124ca9320950dc4619585561532f353ee8  0.0s
[0m => => exporting attestation manifest sha256:20a1d75807e6d22c938caf34e199  0.0s
[?25h[1A[1A[1A[1A[1A[1A[1A[1A[1A[0G[?25l[+] Building 1.1s (8/9)                                    docker:desktop-linux
[36m => CACHED [2/4] WORKDIR /app                                              0.0s
[0m[36m => CACHED [3/4] RUN pip install --no-cache-dir jupyter numpy numba        0.0s
[0m[36m => CACHED [4/4] COPY reduc-operation-array-par-alumno14.ipynb /app/reduc  0.0s
[0m => exporting to image                                                     0.4s
[36m => => exporting layers                                                    0.1s
[0m[36m => => exporting manifest sha256:5f28e172191dc65b9250b43e844d3a70e5120c82  0.0s
[0m[36m => => exporting config sha256:6b43ef83124ca9320950dc4619585561532f353ee8  0.0s
[0m => => exporting attestation manifest sha256:20a1d75807e6d22c938caf34e199  0.1s
[?25h[1A[1A[1A[1A[1A[1A[1A[1A[1A[0G[?25l[+] Building 1.1s (8/9)                                    docker:desktop-linux
[36m => CACHED [3/4] RUN pip install --no-cache-dir jupyter numpy numba        0.0s
[0m[36m => CACHED [4/4] COPY reduc-operation-array-par-alumno14.ipynb /app/reduc  0.0s
[0m => exporting to image                                                     0.4s
[36m => => exporting layers                                                    0.1s
[0m[36m => => exporting manifest sha256:5f28e172191dc65b9250b43e844d3a70e5120c82  0.0s
[0m[36m => => exporting config sha256:6b43ef83124ca9320950dc4619585561532f353ee8  0.0s
[0m[36m => => exporting attestation manifest sha256:20a1d75807e6d22c938caf34e199  0.2s
[0m => => exporting manifest list sha256:fe2bef0b4d21d5e0e499c39800b072faa7b  0.0s
[?25h[1A[1A[1A[1A[1A[1A[1A[1A[1A[0G[?25l[+] Building 1.3s (8/9)                                    docker:desktop-linux
 => exporting to image                                                     0.6s
[36m => => exporting layers                                                    0.1s
[0m[36m => => exporting manifest sha256:5f28e172191dc65b9250b43e844d3a70e5120c82  0.0s
[0m[36m => => exporting config sha256:6b43ef83124ca9320950dc4619585561532f353ee8  0.0s
[0m[36m => => exporting attestation manifest sha256:20a1d75807e6d22c938caf34e199  0.2s
[0m[36m => => exporting manifest list sha256:fe2bef0b4d21d5e0e499c39800b072faa7b  0.1s
[0m[36m => => naming to docker.io/library/alumno14-lab-dockerfile:v1              0.0s
[0m[36m => => unpacking to docker.io/library/alumno14-lab-dockerfile:v1           0.1s
[0m[?25h[1A[1A[1A[1A[1A[1A[1A[1A[1A[0G[?25l[+] Building 1.5s (8/9)                                    docker:desktop-linux
 => exporting to image                                                     0.7s
[36m => => exporting layers                                                    0.1s
[0m[36m => => exporting manifest sha256:5f28e172191dc65b9250b43e844d3a70e5120c82  0.0s
[0m[36m => => exporting config sha256:6b43ef83124ca9320950dc4619585561532f353ee8  0.0s
[0m[36m => => exporting attestation manifest sha256:20a1d75807e6d22c938caf34e199  0.2s
[0m[36m => => exporting manifest list sha256:fe2bef0b4d21d5e0e499c39800b072faa7b  0.1s
[0m[36m => => naming to docker.io/library/alumno14-lab-dockerfile:v1              0.0s
[0m[36m => => unpacking to docker.io/library/alumno14-lab-dockerfile:v1           0.1s
[0m[?25h[1A[1A[1A[1A[1A[1A[1A[1A[1A[0G[?25l[+] Building 1.5s (9/9)                                    docker:desktop-linux
[36m => exporting to image                                                     0.8s
[0m[36m => => exporting layers                                                    0.1s
[0m[36m => => exporting manifest sha256:5f28e172191dc65b9250b43e844d3a70e5120c82  0.0s
[0m[36m => => exporting config sha256:6b43ef83124ca9320950dc4619585561532f353ee8  0.0s
[0m[36m => => exporting attestation manifest sha256:20a1d75807e6d22c938caf34e199  0.2s
[0m[36m => => exporting manifest list sha256:fe2bef0b4d21d5e0e499c39800b072faa7b  0.1s
[0m[36m => => naming to docker.io/library/alumno14-lab-dockerfile:v1              0.0s
[0m[36m => => unpacking to docker.io/library/alumno14-lab-dockerfile:v1           0.1s
[0m[?25h[1A[1A[1A[1A[1A[1A[1A[1A[1A[0G[?25l[+] Building 1.7s (9/9)                                    docker:desktop-linux
[36m => exporting to image                                                     0.8s
[0m[36m => => exporting layers                                                    0.1s
[0m[36m => => exporting manifest sha256:5f28e172191dc65b9250b43e844d3a70e5120c82  0.0s
[0m[36m => => exporting config sha256:6b43ef83124ca9320950dc4619585561532f353ee8  0.0s
[0m[36m => => exporting attestation manifest sha256:20a1d75807e6d22c938caf34e199  0.2s
[0m[36m => => exporting manifest list sha256:fe2bef0b4d21d5e0e499c39800b072faa7b  0.1s
[0m[36m => => naming to docker.io/library/alumno14-lab-dockerfile:v1              0.0s
[0m[36m => => unpacking to docker.io/library/alumno14-lab-dockerfile:v1           0.1s
[0m[?25h[1A[1A[1A[1A[1A[1A[1A[1A[1A[0G[?25l[+] Building 1.8s (9/9)                                    docker:desktop-linux
[36m => exporting to image                                                     0.8s
[0m[36m => => exporting layers                                                    0.1s
[0m[36m => => exporting manifest sha256:5f28e172191dc65b9250b43e844d3a70e5120c82  0.0s
[0m[36m => => exporting config sha256:6b43ef83124ca9320950dc4619585561532f353ee8  0.0s
[0m[36m => => exporting attestation manifest sha256:20a1d75807e6d22c938caf34e199  0.2s
[0m[36m => => exporting manifest list sha256:fe2bef0b4d21d5e0e499c39800b072faa7b  0.1s
[0m[36m => => naming to docker.io/library/alumno14-lab-dockerfile:v1              0.0s
[0m[36m => => unpacking to docker.io/library/alumno14-lab-dockerfile:v1           0.1s
[0m[?25h[1A[1A[1A[1A[1A[1A[1A[1A[1A[0G[?25l[+] Building 2.0s (9/9)                                    docker:desktop-linux
[36m => exporting to image                                                     0.8s
[0m[36m => => exporting layers                                                    0.1s
[0m[36m => => exporting manifest sha256:5f28e172191dc65b9250b43e844d3a70e5120c82  0.0s
[0m[36m => => exporting config sha256:6b43ef83124ca9320950dc4619585561532f353ee8  0.0s
[0m[36m => => exporting attestation manifest sha256:20a1d75807e6d22c938caf34e199  0.2s
[0m[36m => => exporting manifest list sha256:fe2bef0b4d21d5e0e499c39800b072faa7b  0.1s
[0m[36m => => naming to docker.io/library/alumno14-lab-dockerfile:v1              0.0s
[0m[36m => => unpacking to docker.io/library/alumno14-lab-dockerfile:v1           0.1s
[0m[?25h[1A[1A[1A[1A[1A[1A[1A[1A[1A[0G[?25l[+] Building 2.1s (9/9)                                    docker:desktop-linux
[36m => exporting to image                                                     0.8s
[0m[36m => => exporting layers                                                    0.1s
[0m[36m => => exporting manifest sha256:5f28e172191dc65b9250b43e844d3a70e5120c82  0.0s
[0m[36m => => exporting config sha256:6b43ef83124ca9320950dc4619585561532f353ee8  0.0s
[0m[36m => => exporting attestation manifest sha256:20a1d75807e6d22c938caf34e199  0.2s
[0m[36m => => exporting manifest list sha256:fe2bef0b4d21d5e0e499c39800b072faa7b  0.1s
[0m[36m => => naming to docker.io/library/alumno14-lab-dockerfile:v1              0.0s
[0m[36m => => unpacking to docker.io/library/alumno14-lab-dockerfile:v1           0.1s
[0m[?25h[1A[1A[1A[1A[1A[1A[1A[1A[1A[0G[?25l[+] Building 2.3s (9/9)                                    docker:desktop-linux
[36m => exporting to image                                                     0.8s
[0m[36m => => exporting layers                                                    0.1s
[0m[36m => => exporting manifest sha256:5f28e172191dc65b9250b43e844d3a70e5120c82  0.0s
[0m[36m => => exporting config sha256:6b43ef83124ca9320950dc4619585561532f353ee8  0.0s
[0m[36m => => exporting attestation manifest sha256:20a1d75807e6d22c938caf34e199  0.2s
[0m[36m => => exporting manifest list sha256:fe2bef0b4d21d5e0e499c39800b072faa7b  0.1s
[0m[36m => => naming to docker.io/library/alumno14-lab-dockerfile:v1              0.0s
[0m[36m => => unpacking to docker.io/library/alumno14-lab-dockerfile:v1           0.1s
[0m[?25h[1A[1A[1A[1A[1A[1A[1A[1A[1A[0G[?25l[+] Building 2.4s (9/9)                                    docker:desktop-linux
[36m => exporting to image                                                     0.8s
[0m[36m => => exporting layers                                                    0.1s
[0m[36m => => exporting manifest sha256:5f28e172191dc65b9250b43e844d3a70e5120c82  0.0s
[0m[36m => => exporting config sha256:6b43ef83124ca9320950dc4619585561532f353ee8  0.0s
[0m[36m => => exporting attestation manifest sha256:20a1d75807e6d22c938caf34e199  0.2s
[0m[36m => => exporting manifest list sha256:fe2bef0b4d21d5e0e499c39800b072faa7b  0.1s
[0m[36m => => naming to docker.io/library/alumno14-lab-dockerfile:v1              0.0s
[0m[36m => => unpacking to docker.io/library/alumno14-lab-dockerfile:v1           0.1s
[0m[?25h[1A[1A[1A[1A[1A[1A[1A[1A[1A[0G[?25l[+] Building 2.6s (9/9)                                    docker:desktop-linux
[36m => exporting to image                                                     0.8s
[0m[36m => => exporting layers                                                    0.1s
[0m[36m => => exporting manifest sha256:5f28e172191dc65b9250b43e844d3a70e5120c82  0.0s
[0m[36m => => exporting config sha256:6b43ef83124ca9320950dc4619585561532f353ee8  0.0s
[0m[36m => => exporting attestation manifest sha256:20a1d75807e6d22c938caf34e199  0.2s
[0m[36m => => exporting manifest list sha256:fe2bef0b4d21d5e0e499c39800b072faa7b  0.1s
[0m[36m => => naming to docker.io/library/alumno14-lab-dockerfile:v1              0.0s
[0m[36m => => unpacking to docker.io/library/alumno14-lab-dockerfile:v1           0.1s
[0m[?25h[1A[1A[1A[1A[1A[1A[1A[1A[1A[0G[?25l[+] Building 2.7s (9/9) FINISHED                           docker:desktop-linux
[36m => [internal] load build definition from lab-docker-Dockerfile-alumno14   0.1s
[0m[36m => => transferring dockerfile: 320B                                       0.1s
[0m[36m => [internal] load metadata for docker.io/library/python:3.11-slim        0.2s
[0m[36m => [internal] load .dockerignore                                          0.1s
[0m[36m => => transferring context: 2B                                            0.0s
[0m[36m => [1/4] FROM docker.io/library/python:3.11-slim@sha256:7cd0079a9bd8800c  0.2s
[0m[36m => => resolve docker.io/library/python:3.11-slim@sha256:7cd0079a9bd8800c  0.1s
[0m[36m => [internal] load build context                                          0.1s
[0m[36m => => transferring context: 63B                                           0.0s
[0m[36m => CACHED [2/4] WORKDIR /app                                              0.0s
[0m[36m => CACHED [3/4] RUN pip install --no-cache-dir jupyter numpy numba        0.0s
[0m[36m => CACHED [4/4] COPY reduc-operation-array-par-alumno14.ipynb /app/reduc  0.0s
[0m[36m => exporting to image                                                     0.8s
[0m[36m => => exporting layers                                                    0.1s
[0m[36m => => exporting manifest sha256:5f28e172191dc65b9250b43e844d3a70e5120c82  0.0s
[0m[36m => => exporting config sha256:6b43ef83124ca9320950dc4619585561532f353ee8  0.0s
[0m[36m => => exporting attestation manifest sha256:20a1d75807e6d22c938caf34e199  0.2s
[0m[36m => => exporting manifest list sha256:fe2bef0b4d21d5e0e499c39800b072faa7b  0.1s
[0m[36m => => naming to docker.io/library/alumno14-lab-dockerfile:v1              0.0s
[0m[36m => => unpacking to docker.io/library/alumno14-lab-dockerfile:v1           0.1s
[0m[?25h
